\BOOKMARK [-1][]{ctitle.-1}{\376\377\227\142\124\021\116\011\176\364\127\072\146\157\164\006\211\343\166\204\123\125\211\306\126\376\160\271\116\221\221\315\136\372\116\016\133\236\117\213\122\006\122\162\173\227\154\325\170\024\172\166}{}% 1
\BOOKMARK [0][]{cdeclaration.0}{\376\377\162\354\122\033\140\047\130\360\146\016}{ctitle.-1}% 2
\BOOKMARK [0][]{cabstract.0}{\376\377\144\130\000\040\000\040\211\201}{ctitle.-1}% 3
\BOOKMARK [0][]{eabstract.0}{\376\377\000A\000B\000S\000T\000R\000A\000C\000T}{ctitle.-1}% 4
\BOOKMARK [0][]{mulu.0}{\376\377\166\356\000\040\000\040\137\125}{ctitle.-1}% 5
\BOOKMARK [0][]{section*.8}{\376\377\173\054\116\000\172\340\000\040\000\040\176\352\213\272}{ctitle.-1}% 6
\BOOKMARK [1][]{section*.9}{\376\377\0001\000.\0001\000\040\170\024\172\166\200\314\146\157\123\312\141\017\116\111}{section*.8}% 7
\BOOKMARK [1][]{section*.12}{\376\377\0001\000.\0002\000\040\126\375\121\205\131\026\170\024\172\166\163\260\162\266}{section*.8}% 8
\BOOKMARK [2][]{section*.13}{\376\377\0001\000.\0002\000.\0001\000\040\126\375\121\205\170\024\172\166\163\260\162\266}{section*.12}% 9
\BOOKMARK [2][]{section*.14}{\376\377\0001\000.\0002\000.\0002\000\040\126\375\131\026\170\024\172\166\163\260\162\266}{section*.12}% 10
\BOOKMARK [0][]{section*.15}{\376\377\173\054\116\214\172\340\000\040\000\040\170\024\172\166\217\333\134\125}{ctitle.-1}% 11
\BOOKMARK [1][]{section*.16}{\376\377\0002\000.\0001\000\040\170\024\172\166}{section*.15}% 12
\BOOKMARK [2][]{section*.17}{\376\377\0002\000.\0001\000.\0001\000\040\217\333\134\125}{section*.16}% 13
\BOOKMARK [0][]{section*.18}{\376\377\173\054\116\011\172\340\000\040\000\040\121\167\117\123\170\024\172\166\121\205\133\271}{ctitle.-1}% 14
\BOOKMARK [1][]{section*.19}{\376\377\0003\000.\0001\000\040\122\033\145\260\0001}{section*.18}% 15
\BOOKMARK [0][]{section*.22}{\376\377\173\054\126\333\172\340\000\040\000\040\121\167\117\123\170\024\172\166\121\205\133\271}{ctitle.-1}% 16
\BOOKMARK [1][]{section*.23}{\376\377\0004\000.\0001\000\040\122\033\145\260\0002}{section*.22}% 17
\BOOKMARK [0][]{section*.26}{\376\377\173\054\116\224\172\340\000\040\000\040\133\236\226\105\136\224\165\050}{ctitle.-1}% 18
\BOOKMARK [1][]{section*.27}{\376\377\0005\000.\0001\000\040\136\224\165\050}{section*.26}% 19
\BOOKMARK [0][]{section*.28}{\376\377\173\054\121\155\172\340\000\040\000\040\140\073\176\323\116\016\134\125\147\033}{ctitle.-1}% 20
\BOOKMARK [1][]{section*.29}{\376\377\0006\000.\0001\000\040\121\150\145\207\140\073\176\323}{section*.28}% 21
\BOOKMARK [1][]{section*.30}{\376\377\0006\000.\0002\000\040\147\052\147\145\134\125\147\033}{section*.28}% 22
\BOOKMARK [0][]{section*.31}{\376\377\123\302\200\003\145\207\163\056}{ctitle.-1}% 23
